#
# There is insufficient memory for the Java Runtime Environment to continue.
# Native memory allocation (mmap) failed to map 260046848 bytes for G1 virtual space
# Possible reasons:
#   The system is out of physical RAM or swap space
#   The process is running with CompressedOops enabled, and the Java Heap may be blocking the growth of the native heap
# Possible solutions:
#   Reduce memory load on the system
#   Increase physical memory or swap space
#   Check if swap backing store is full
#   Decrease Java heap size (-Xmx/-Xms)
#   Decrease number of Java threads
#   Decrease Java thread stack sizes (-Xss)
#   Set larger code cache with -XX:ReservedCodeCacheSize=
#   JVM is running with Zero Based Compressed Oops mode in which the Java heap is
#     placed in the first 32GB address space. The Java Heap base address is the
#     maximum limit for the native heap growth. Please use -XX:HeapBaseMinAddress
#     to set the Java Heap base and to place the Java Heap above 32GB virtual address.
# This output file may be truncated or incomplete.
#
#  Out of Memory Error (os_windows.cpp:3541), pid=14220, tid=29252
#
# JRE version:  (17.0.4+8) (build )
# Java VM: OpenJDK 64-Bit Server VM (17.0.4+8, mixed mode, sharing, tiered, compressed oops, compressed class ptrs, g1 gc, windows-amd64)
# No core dump will be written. Minidumps are not enabled by default on client versions of Windows
#

---------------  S U M M A R Y ------------

Command Line: -Dfile.encoding=UTF-8 -XX:+ShowCodeDetailsInExceptionMessages com.revature.bankingApp.Driver

Host: AMD Ryzen 9 4900HS with Radeon Graphics         , 16 cores, 15G,  Windows 10 , 64 bit Build 19041 (10.0.19041.1889)
Time: Tue Aug 30 20:50:37 2022 Eastern Daylight Time elapsed time: 0.020631 seconds (0d 0h 0m 0s)

---------------  T H R E A D  ---------------

Current thread (0x000002ce23dd2fa0):  JavaThread "Unknown thread" [_thread_in_vm, id=29252, stack(0x000000dc42100000,0x000000dc42200000)]

Stack: [0x000000dc42100000,0x000000dc42200000]
Native frames: (J=compiled Java code, j=interpreted, Vv=VM code, C=native code)
V  [jvm.dll+0x67733a]
V  [jvm.dll+0x8323c4]
V  [jvm.dll+0x833b6e]
V  [jvm.dll+0x8341d3]
V  [jvm.dll+0x2455e5]
V  [jvm.dll+0x674229]
V  [jvm.dll+0x668ab2]
V  [jvm.dll+0x30458b]
V  [jvm.dll+0x30bad6]
V  [jvm.dll+0x35ba7e]
V  [jvm.dll+0x35bcaf]
V  [jvm.dll+0x2db428]
V  [jvm.dll+0x2dc394]
V  [jvm.dll+0x803ef1]
V  [jvm.dll+0x3698d1]
V  [jvm.dll+0x7e320c]
V  [jvm.dll+0x3ec23f]
V  [jvm.dll+0x3eddc1]
C  [jli.dll+0x5277]
C  [ucrtbase.dll+0x21bb2]
C  [KERNEL32.DLL+0x17034]
C  [ntdll.dll+0x52651]


---------------  P R O C E S S  ---------------

Threads class SMR info:
_java_thread_list=0x00007ffa171e4e98, length=0, elements={
}

Java Threads: ( => current thread )

Other Threads:
  0x000002ce23e3dd50 GCTaskThread "GC Thread#0" [stack: 0x000000dc42200000,0x000000dc42300000] [id=42524]
  0x000002ce23e4e350 ConcurrentGCThread "G1 Main Marker" [stack: 0x000000dc42300000,0x000000dc42400000] [id=25736]
  0x000002ce23e50510 ConcurrentGCThread "G1 Conc#0" [stack: 0x000000dc42400000,0x000000dc42500000] [id=32428]

[error occurred during error reporting (printing all threads), id 0xc0000005, EXCEPTION_ACCESS_VIOLATION (0xc0000005) at pc=0x00007ffa169bbeb7]

VM state: not at safepoint (not fully initialized)

VM Mutex/Monitor currently owned by a thread:  ([mutex/lock_event])
[0x000002ce23dce540] Heap_lock - owner thread: 0x000002ce23dd2fa0

Heap address: 0x0000000709400000, size: 3948 MB, Compressed Oops mode: Zero based, Oop shift amount: 3

CDS archive(s) mapped at: [0x0000000000000000-0x0000000000000000-0x0000000000000000), size 0, SharedBaseAddress: 0x0000000800000000, ArchiveRelocationMode: 0.
Narrow klass base: 0x0000000000000000, Narrow klass shift: 0, Narrow klass range: 0x0

GC Precious Log:
<Empty>

Heap:
 garbage-first heap   total 0K, used 0K [0x0000000709400000, 0x0000000800000000)
  region size 2048K, 0 young (0K), 0 survivors (0K)

[error occurred during error reporting (printing heap information), id 0xc0000005, EXCEPTION_ACCESS_VIOLATION (0xc0000005) at pc=0x00007ffa16da06b9]

GC Heap History (0 events):
No events

Deoptimization events (0 events):
No events

Classes unloaded (0 events):
No events

Classes redefined (0 events):
No events

Internal exceptions (0 events):
No events

VM Operations (0 events):
No events

Events (1 events):
Event: 0.012 Loaded shared library C:\Users\sam\Documents\sts-4.15.3.RELEASE\plugins\org.eclipse.justj.openjdk.hotspot.jre.full.win32.x86_64_17.0.4.v20220805-1047\jre\bin\java.dll


Dynamic libraries:
0x00007ff6d13b0000 - 0x00007ff6d13be000 	C:\Users\sam\Documents\sts-4.15.3.RELEASE\plugins\org.eclipse.justj.openjdk.hotspot.jre.full.win32.x86_64_17.0.4.v20220805-1047\jre\bin\javaw.exe
0x00007ffac1710000 - 0x00007ffac1908000 	C:\WINDOWS\SYSTEM32\ntdll.dll
0x00007ffac0e60000 - 0x00007ffac0f1d000 	C:\WINDOWS\System32\KERNEL32.DLL
0x00007ffabee60000 - 0x00007ffabf12e000 	C:\WINDOWS\System32\KERNELBASE.dll
0x00007ffabf670000 - 0x00007ffabf770000 	C:\WINDOWS\System32\ucrtbase.dll
0x00007ffaa9410000 - 0x00007ffaa9428000 	C:\Users\sam\Documents\sts-4.15.3.RELEASE\plugins\org.eclipse.justj.openjdk.hotspot.jre.full.win32.x86_64_17.0.4.v20220805-1047\jre\bin\jli.dll
0x00007ffaa93d0000 - 0x00007ffaa93e9000 	C:\Users\sam\Documents\sts-4.15.3.RELEASE\plugins\org.eclipse.justj.openjdk.hotspot.jre.full.win32.x86_64_17.0.4.v20220805-1047\jre\bin\VCRUNTIME140.dll
0x00007ffabfbb0000 - 0x00007ffabfd50000 	C:\WINDOWS\System32\USER32.dll
0x00007ffabee30000 - 0x00007ffabee52000 	C:\WINDOWS\System32\win32u.dll
0x00007ffaa7920000 - 0x00007ffaa7bba000 	C:\WINDOWS\WinSxS\amd64_microsoft.windows.common-controls_6595b64144ccf1df_6.0.19041.1110_none_60b5254171f9507e\COMCTL32.dll
0x00007ffac1180000 - 0x00007ffac11aa000 	C:\WINDOWS\System32\GDI32.dll
0x00007ffabfb10000 - 0x00007ffabfbae000 	C:\WINDOWS\System32\msvcrt.dll
0x00007ffabf180000 - 0x00007ffabf28b000 	C:\WINDOWS\System32\gdi32full.dll
0x00007ffabf330000 - 0x00007ffabf3cd000 	C:\WINDOWS\System32\msvcp_win.dll
0x00007ffabfe70000 - 0x00007ffabfea0000 	C:\WINDOWS\System32\IMM32.DLL
0x00007ffab93c0000 - 0x00007ffab93cc000 	C:\Users\sam\Documents\sts-4.15.3.RELEASE\plugins\org.eclipse.justj.openjdk.hotspot.jre.full.win32.x86_64_17.0.4.v20220805-1047\jre\bin\vcruntime140_1.dll
0x00007ffa8ec00000 - 0x00007ffa8ec91000 	C:\Users\sam\Documents\sts-4.15.3.RELEASE\plugins\org.eclipse.justj.openjdk.hotspot.jre.full.win32.x86_64_17.0.4.v20220805-1047\jre\bin\msvcp140.dll
0x00007ffa166d0000 - 0x00007ffa17316000 	C:\Users\sam\Documents\sts-4.15.3.RELEASE\plugins\org.eclipse.justj.openjdk.hotspot.jre.full.win32.x86_64_17.0.4.v20220805-1047\jre\bin\server\jvm.dll
0x00007ffabfd50000 - 0x00007ffabfdfe000 	C:\WINDOWS\System32\ADVAPI32.dll
0x00007ffac1630000 - 0x00007ffac16cc000 	C:\WINDOWS\System32\sechost.dll
0x00007ffac0bd0000 - 0x00007ffac0cf5000 	C:\WINDOWS\System32\RPCRT4.dll
0x00007ffac0d00000 - 0x00007ffac0d08000 	C:\WINDOWS\System32\PSAPI.DLL
0x00007ffabc530000 - 0x00007ffabc557000 	C:\WINDOWS\SYSTEM32\WINMM.dll
0x00007ffab7270000 - 0x00007ffab727a000 	C:\WINDOWS\SYSTEM32\VERSION.dll
0x00007ffaa8de0000 - 0x00007ffaa8de9000 	C:\WINDOWS\SYSTEM32\WSOCK32.dll
0x00007ffabfe00000 - 0x00007ffabfe6b000 	C:\WINDOWS\System32\WS2_32.dll
0x00007ffabccf0000 - 0x00007ffabcd02000 	C:\WINDOWS\SYSTEM32\kernel.appcore.dll
0x00007ffab9900000 - 0x00007ffab990a000 	C:\Users\sam\Documents\sts-4.15.3.RELEASE\plugins\org.eclipse.justj.openjdk.hotspot.jre.full.win32.x86_64_17.0.4.v20220805-1047\jre\bin\jimage.dll
0x00007ffabc340000 - 0x00007ffabc524000 	C:\WINDOWS\SYSTEM32\DBGHELP.DLL
0x00007ffabc310000 - 0x00007ffabc33c000 	C:\WINDOWS\SYSTEM32\dbgcore.DLL
0x00007ffabf530000 - 0x00007ffabf5b2000 	C:\WINDOWS\System32\bcryptPrimitives.dll
0x00007ffab6950000 - 0x00007ffab6975000 	C:\Users\sam\Documents\sts-4.15.3.RELEASE\plugins\org.eclipse.justj.openjdk.hotspot.jre.full.win32.x86_64_17.0.4.v20220805-1047\jre\bin\java.dll

dbghelp: loaded successfully - version: 4.0.5 - missing functions: none
symbol engine: initialized successfully - sym options: 0x614 - pdb path: .;C:\Users\sam\Documents\sts-4.15.3.RELEASE\plugins\org.eclipse.justj.openjdk.hotspot.jre.full.win32.x86_64_17.0.4.v20220805-1047\jre\bin;C:\WINDOWS\SYSTEM32;C:\WINDOWS\WinSxS\amd64_microsoft.windows.common-controls_6595b64144ccf1df_6.0.19041.1110_none_60b5254171f9507e;C:\Users\sam\Documents\sts-4.15.3.RELEASE\plugins\org.eclipse.justj.openjdk.hotspot.jre.full.win32.x86_64_17.0.4.v20220805-1047\jre\bin\server

VM Arguments:
jvm_args: -Dfile.encoding=UTF-8 -XX:+ShowCodeDetailsInExceptionMessages 
java_command: com.revature.bankingApp.Driver
java_class_path (initial): C:\Users\sam\Documents\Rev Projects\bankApp\BankApp\target\classes;C:\Users\sam\Documents\sts-4.15.3.RELEASE\plugins\org.junit.jupiter.api_5.8.1.v20211018-1956.jar;C:\Users\sam\Documents\sts-4.15.3.RELEASE\plugins\org.junit.jupiter.engine_5.8.1.v20211018-1956.jar;C:\Users\sam\Documents\sts-4.15.3.RELEASE\plugins\org.junit.jupiter.migrationsupport_5.8.1.v20211018-1956.jar;C:\Users\sam\Documents\sts-4.15.3.RELEASE\plugins\org.junit.jupiter.params_5.8.1.v20211018-1956.jar;C:\Users\sam\Documents\sts-4.15.3.RELEASE\plugins\org.junit.platform.commons_1.8.1.v20211018-1956.jar;C:\Users\sam\Documents\sts-4.15.3.RELEASE\plugins\org.junit.platform.engine_1.8.1.v20211018-1956.jar;C:\Users\sam\Documents\sts-4.15.3.RELEASE\plugins\org.junit.platform.launcher_1.8.1.v20211018-1956.jar;C:\Users\sam\Documents\sts-4.15.3.RELEASE\plugins\org.junit.platform.runner_1.8.1.v20211018-1956.jar;C:\Users\sam\Documents\sts-4.15.3.RELEASE\plugins\org.junit.platform.suite.api_1.8.1.v20211018-1956.jar;C:\Users\sam\Documents\sts-4.15.3.RELEASE\plugins\org.junit.platform.suite.engine_1.8.1.v20211028-1957.jar;C:\Users\sam\Documents\sts-4.15.3.RELEASE\plugins\org.junit.platform.suite.commons_1.8.1.v20211018-1956.jar;C:\Users\sam\Documents\sts-4.15.3.RELEASE\plugins\org.junit.vintage.engine_5.8.1.v20211018-1956.jar;C:\Users\sam\Documents\sts-4.15.3.RELEASE\plugins\org.opentest4j_1.2.0.v20211018-1956.jar;C:\Users\sam\Documents\sts-4.15.3.RELEASE\plugins\org.apiguardian_1.1.2.v20211018-1956.jar;C:\Users\sam\Documents\sts-4.15.3.RELEASE\plugins\org.junit_4.13.2.v20211018-1956.jar;C:\Users\sam\Documents\sts-4.15.3.RELEASE\plugins\org.hamcrest.core_1.3.0.v20180420-1519.jar;C:\Users\sam\.m2\repository\org\postgresql\postgresql\42.4.2\postgresql-42.4.2.jar;C:\Users\sam\.m2\repository\org\checkerframework\checker-qual\3.5.0\checker-qual-3.5.0.jar;C:\Users\sam\.m2\repository\ch\qos\logback\logback-classic\1.2.9\logback-classic-1.2.9.jar;C:\Users\sam\.m2\repository\ch\qos\logback\log
Launcher Type: SUN_STANDARD

[Global flags]
     intx CICompilerCount                          = 12                                        {product} {ergonomic}
     uint ConcGCThreads                            = 3                                         {product} {ergonomic}
     uint G1ConcRefinementThreads                  = 13                                        {product} {ergonomic}
   size_t G1HeapRegionSize                         = 2097152                                   {product} {ergonomic}
    uintx GCDrainStackTargetSize                   = 64                                        {product} {ergonomic}
   size_t InitialHeapSize                          = 260046848                                 {product} {ergonomic}
   size_t MarkStackSize                            = 4194304                                   {product} {ergonomic}
   size_t MaxHeapSize                              = 4139778048                                {product} {ergonomic}
   size_t MinHeapDeltaBytes                        = 2097152                                   {product} {ergonomic}
   size_t MinHeapSize                              = 8388608                                   {product} {ergonomic}
    uintx NonNMethodCodeHeapSize                   = 7602480                                {pd product} {ergonomic}
    uintx NonProfiledCodeHeapSize                  = 122027880                              {pd product} {ergonomic}
    uintx ProfiledCodeHeapSize                     = 122027880                              {pd product} {ergonomic}
    uintx ReservedCodeCacheSize                    = 251658240                              {pd product} {ergonomic}
     bool SegmentedCodeCache                       = true                                      {product} {ergonomic}
     bool ShowCodeDetailsInExceptionMessages       = true                                   {manageable} {command line}
   size_t SoftMaxHeapSize                          = 4139778048                             {manageable} {ergonomic}
     bool UseCompressedClassPointers               = true                           {product lp64_product} {ergonomic}
     bool UseCompressedOops                        = true                           {product lp64_product} {ergonomic}
     bool UseG1GC                                  = true                                      {product} {ergonomic}
     bool UseLargePagesIndividualAllocation        = false                                  {pd product} {ergonomic}

Logging:
Log output configuration:
 #0: stdout all=warning uptime,level,tags
 #1: stderr all=off uptime,level,tags

Environment Variables:
JAVA_HOME=C:\Program Files\Java\jdk1.8.0_341\
PATH=C:/Users/sam/Documents/sts-4.15.3.RELEASE//plugins/org.eclipse.justj.openjdk.hotspot.jre.full.win32.x86_64_17.0.4.v20220805-1047/jre/bin/server;C:/Users/sam/Documents/sts-4.15.3.RELEASE//plugins/org.eclipse.justj.openjdk.hotspot.jre.full.win32.x86_64_17.0.4.v20220805-1047/jre/bin;C:\Program Files\Java\jdk1.8.0_341\bin;C:\Windows\system32;C:\Windows;C:\Windows\System32\Wbem;C:\Windows\System32\WindowsPowerShell\v1.0\;C:\Windows\System32\OpenSSH\;C:\Program Files (x86)\NVIDIA Corporation\PhysX\Common;C:\Program Files\NVIDIA Corporation\NVIDIA NvDLISR;C:\WINDOWS\system32;C:\WINDOWS;C:\WINDOWS\System32\Wbem;C:\WINDOWS\System32\WindowsPowerShell\v1.0\;C:\WINDOWS\System32\OpenSSH\;C:\Users\sam\AppData\Roaming\nvm;C:\Program Files\nodejs;C:\Program Files\dotnet\;C:\Program Files\Git\cmd;C:\Maven\apache-maven-3.8.6\bin;C:\Users\sam\AppData\Local\BCML\bin;C:\Users\sam\AppData\Local\Microsoft\WindowsApps;C:\Users\sam\AppData\Local\GitHubDesktop\bin;C:\Users\sam\AppData\Roaming\npm;C:\Users\sam\AppData\Local\atom\bin;C:\Users\sam\AppData\Roaming\nvm;C:\Program Files\nodejs;C:\Program Files\MongoDB\Server\5.0\bin;C:\Users\sam\AppData\Local\Programs\mongosh\;C:\Program Files\heroku\bin;C:\Users\sam\AppData\Local\Programs\Microsoft VS Code\bin;C:\Users\sam\Documents\sts-4.15.3.RELEASE;
USERNAME=sam
OS=Windows_NT
PROCESSOR_IDENTIFIER=AMD64 Family 23 Model 96 Stepping 1, AuthenticAMD
TMP=C:\Users\sam\AppData\Local\Temp
TEMP=C:\Users\sam\AppData\Local\Temp



---------------  S Y S T E M  ---------------

OS:
 Windows 10 , 64 bit Build 19041 (10.0.19041.1889)
OS uptime: 15 days 1:39 hours
Hyper-V role detected

CPU: total 16 (initial active 16) (16 cores per cpu, 2 threads per core) family 23 model 96 stepping 1 microcode 0x0, cx8, cmov, fxsr, ht, mmx, 3dnowpref, sse, sse2, sse3, ssse3, sse4a, sse4.1, sse4.2, popcnt, lzcnt, tsc, tscinvbit, avx, avx2, aes, clmul, bmi1, bmi2, adx, sha, fma, vzeroupper, clflush, clflushopt, hv

Memory: 4k page, system-wide physical 15789M (3161M free)
TotalPageFile size 64941M (AvailPageFile size 200M)
current process WorkingSet (physical memory assigned to process): 10M, peak: 10M
current process commit charge ("private bytes"): 70M, peak: 318M

vm_info: OpenJDK 64-Bit Server VM (17.0.4+8) for windows-amd64 JRE (17.0.4+8), built on Jul 19 2022 16:05:16 by "temurin" with MS VC++ 16.7 (VS2019)

END.
