01:55:13.652 [main] DEBUG fileLogger - Add User to Database
01:55:13.721 [main] ERROR fileLogger - java.sql.SQLException: No suitable driver found for javabankapp.cdiwjc2x9nug.us-east-1.rds.amazonaws.com
09:59:04.287 [main] DEBUG fileLogger - Add User to Database
09:59:04.365 [main] ERROR fileLogger - java.sql.SQLException: No suitable driver found for javabankapp.cdiwjc2x9nug.us-east-1.rds.amazonaws.com
11:44:37.576 [main] DEBUG fileLogger - Add User to Database
11:44:37.582 [main] ERROR fileLogger - java.sql.SQLException: No suitable driver found for javabankapp.cdiwjc2x9nug.us-east-1.rds.amazonaws.com
11:47:30.784 [main] DEBUG fileLogger - Add User to Database
11:47:30.791 [main] ERROR fileLogger - java.sql.SQLException: No suitable driver found for javabankapp.cdiwjc2x9nug.us-east-1.rds.amazonaws.com
11:48:30.175 [main] DEBUG fileLogger - Add User to Database
11:48:30.181 [main] ERROR fileLogger - java.sql.SQLException: No suitable driver found for javabankapp.cdiwjc2x9nug.us-east-1.rds.amazonaws.com
12:03:24.537 [main] DEBUG fileLogger - Add User to Database
12:03:25.014 [main] ERROR fileLogger - org.postgresql.util.PSQLException: ERROR: syntax error at or near "'bob'"
  Position: 20
12:07:13.826 [main] DEBUG fileLogger - Add User to Database
12:07:14.263 [main] ERROR fileLogger - org.postgresql.util.PSQLException: ERROR: INSERT has more expressions than target columns
  Position: 169
12:07:42.498 [main] DEBUG fileLogger - Add User to Database
12:07:42.915 [main] ERROR fileLogger - org.postgresql.util.PSQLException: ERROR: duplicate key value violates unique constraint "users_first_name_key"
  Detail: Key (first_name)=(bob) already exists.
12:08:32.988 [main] DEBUG fileLogger - Add User to Database
12:08:33.441 [main] ERROR fileLogger - org.postgresql.util.PSQLException: No results were returned by the query.
13:36:32.377 [main] DEBUG fileLogger - Get User from Database
13:38:19.683 [main] DEBUG fileLogger - Get User from Database
14:04:05.692 [main] DEBUG fileLogger - Get User from Database
14:04:06.130 [main] ERROR fileLogger - org.postgresql.util.PSQLException: ERROR: syntax error at or near "'email'"
  Position: 18
14:04:06.131 [main] DEBUG fileLogger - Get User from Database
14:09:48.548 [main] DEBUG fileLogger - Get User from Database
14:09:48.964 [main] ERROR fileLogger - org.postgresql.util.PSQLException: ERROR: syntax error at or near "'email'"
  Position: 18
14:09:48.965 [main] DEBUG fileLogger - Get User from Database
14:15:41.968 [main] DEBUG fileLogger - Add User to Database
14:15:42.431 [main] ERROR fileLogger - org.postgresql.util.PSQLException: ERROR: duplicate key value violates unique constraint "users_un"
  Detail: Key (ssn)=(111111111) already exists.
14:20:17.284 [main] DEBUG fileLogger - Get User from Database
14:20:17.733 [main] ERROR fileLogger - org.postgresql.util.PSQLException: ERROR: syntax error at or near "'email'"
  Position: 18
14:20:17.733 [main] DEBUG fileLogger - Get User from Database
14:20:52.529 [main] DEBUG fileLogger - Add User to Database
14:20:53.063 [main] ERROR fileLogger - org.postgresql.util.PSQLException: ERROR: duplicate key value violates unique constraint "users_un"
  Detail: Key (ssn)=(111111111) already exists.
14:22:31.872 [main] DEBUG fileLogger - Add User to Database
14:22:32.300 [main] ERROR fileLogger - org.postgresql.util.PSQLException: ERROR: duplicate key value violates unique constraint "users_un"
  Detail: Key (ssn)=(111111111) already exists.
14:24:29.784 [main] DEBUG fileLogger - Get User from Database
14:24:30.276 [main] ERROR fileLogger - org.postgresql.util.PSQLException: ERROR: syntax error at or near "'"first_name"'"
  Position: 18
14:24:30.276 [main] DEBUG fileLogger - Get User from Database
14:25:16.769 [main] DEBUG fileLogger - Add User to Database
14:25:17.250 [main] ERROR fileLogger - org.postgresql.util.PSQLException: ERROR: duplicate key value violates unique constraint "users_un"
  Detail: Key (ssn)=(111111111) already exists.
14:27:22.381 [main] DEBUG fileLogger - Get User from Database
14:27:22.905 [main] ERROR fileLogger - org.postgresql.util.PSQLException: No results were returned by the query.
14:27:22.906 [main] DEBUG fileLogger - Get User from Database
14:28:35.402 [main] DEBUG fileLogger - Get User from Database
14:28:35.826 [main] ERROR fileLogger - org.postgresql.util.PSQLException: No results were returned by the query.
14:28:35.826 [main] DEBUG fileLogger - Get User from Database
14:35:23.311 [main] DEBUG fileLogger - Get User from Database
14:35:23.762 [main] DEBUG fileLogger - Add User to Database
14:35:24.221 [main] ERROR fileLogger - org.postgresql.util.PSQLException: No results were returned by the query.
16:09:29.565 [main] DEBUG fileLogger - Add User to Database
16:09:29.984 [main] ERROR fileLogger - org.postgresql.util.PSQLException: No results were returned by the query.
17:15:48.823 [main] DEBUG fileLogger - Get User login from Database
17:15:50.229 [main] ERROR fileLogger - org.postgresql.util.PSQLException: ERROR: syntax error at or near ")"
  Position: 51
17:19:52.722 [main] DEBUG fileLogger - Get User login from Database
17:19:54.080 [main] ERROR fileLogger - org.postgresql.util.PSQLException: ERROR: syntax error at or near ")"
  Position: 51
17:20:32.420 [main] DEBUG fileLogger - Get User login from Database
17:20:33.784 [main] ERROR fileLogger - org.postgresql.util.PSQLException: ERROR: syntax error at or near ")"
  Position: 51
17:22:00.956 [main] DEBUG fileLogger - Get User login from Database
09:57:47.063 [main] DEBUG fileLogger - Get User login from Database
10:04:42.965 [main] DEBUG fileLogger - Get User login from Database
10:15:59.481 [main] DEBUG fileLogger - Get User login from Database
10:19:59.006 [main] DEBUG fileLogger - Get User login from Database
10:21:13.084 [main] DEBUG fileLogger - Get User login from Database
10:25:20.857 [main] DEBUG fileLogger - Get User login from Database
10:25:22.230 [main] DEBUG fileLogger - Get User login from Database
10:33:45.698 [main] DEBUG fileLogger - Get User login from Database
11:01:28.735 [main] DEBUG fileLogger - Get User login from Database
11:02:34.279 [main] DEBUG fileLogger - Get User login from Database
11:03:53.055 [main] DEBUG fileLogger - Get User login from Database
11:15:17.723 [main] DEBUG fileLogger - Get User login from Database
11:15:19.059 [main] ERROR fileLogger - org.postgresql.util.PSQLException: ResultSet not positioned properly, perhaps you need to call next.
11:16:02.050 [main] DEBUG fileLogger - Get User login from Database
11:16:44.933 [main] DEBUG fileLogger - Get User login from Database
11:18:40.813 [main] DEBUG fileLogger - Get User login from Database
11:19:33.103 [main] DEBUG fileLogger - Get User login from Database
11:20:15.741 [main] DEBUG fileLogger - Get User login from Database
11:23:37.800 [main] DEBUG fileLogger - Get User login from Database
11:26:34.842 [main] DEBUG fileLogger - Get User login from Database
11:29:53.424 [main] DEBUG fileLogger - Get User login from Database
11:31:19.354 [main] DEBUG fileLogger - Get User login from Database
11:31:57.220 [main] DEBUG fileLogger - Get User login from Database
11:34:00.658 [main] DEBUG fileLogger - Get User login from Database
11:35:44.232 [main] DEBUG fileLogger - Get User login from Database
11:35:54.138 [main] DEBUG fileLogger - Get User login from Database
11:37:03.160 [main] DEBUG fileLogger - Get User login from Database
12:06:39.394 [main] DEBUG fileLogger - Add User login to Database
12:06:40.757 [main] ERROR fileLogger - org.postgresql.util.PSQLException: No results were returned by the query.
12:07:18.449 [main] DEBUG fileLogger - Add User login to Database
12:07:19.812 [main] ERROR fileLogger - org.postgresql.util.PSQLException: ERROR: duplicate key value violates unique constraint "user_login_username_key"
  Detail: Key (username)=(boboman) already exists.
12:07:19.812 [main] DEBUG fileLogger - Get User from Database
12:07:20.189 [main] ERROR fileLogger - org.postgresql.util.PSQLException: ERROR: column "ssn" does not exist
  Position: 50
12:08:37.388 [main] DEBUG fileLogger - Get User from Database
12:08:38.724 [main] ERROR fileLogger - org.postgresql.util.PSQLException: No results were returned by the query.
12:13:27.217 [main] DEBUG fileLogger - Remove User to Database
12:13:28.595 [main] ERROR fileLogger - org.postgresql.util.PSQLException: No results were returned by the query.
12:38:09.261 [main] DEBUG fileLogger - Add User login to Database
12:38:10.663 [main] ERROR fileLogger - org.postgresql.util.PSQLException: No results were returned by the query.
12:41:08.293 [main] DEBUG fileLogger - Add User to Database
12:41:09.649 [main] ERROR fileLogger - org.postgresql.util.PSQLException: No results were returned by the query.
12:41:23.481 [main] DEBUG fileLogger - Add User to Database
12:41:24.865 [main] ERROR fileLogger - org.postgresql.util.PSQLException: ERROR: duplicate key value violates unique constraint "users_un"
  Detail: Key (ssn)=(221341121) already exists.
12:44:46.281 [main] DEBUG fileLogger - Add bank account to Database
12:44:47.640 [main] ERROR fileLogger - org.postgresql.util.PSQLException: ERROR: column "user_type_id" of relation "accounts" does not exist
  Position: 49
12:49:27.319 [main] DEBUG fileLogger - Add bank account to Database
12:49:28.693 [main] ERROR fileLogger - org.postgresql.util.PSQLException: No results were returned by the query.
13:12:17.102 [main] DEBUG fileLogger - Add bank account to Database
13:12:18.512 [main] ERROR fileLogger - org.postgresql.util.PSQLException: No results were returned by the query.
13:12:18.515 [main] DEBUG fileLogger - Add bank account to User Database
13:12:18.886 [main] ERROR fileLogger - org.postgresql.util.PSQLException: ERROR: invalid input syntax for type integer: "null"
  Position: 68
13:28:10.219 [main] DEBUG fileLogger - Add bank account to Database
13:28:12.332 [main] ERROR fileLogger - org.postgresql.util.PSQLException: No results were returned by the query.
13:28:12.335 [main] DEBUG fileLogger - Add bank account to User Database
13:28:12.718 [main] ERROR fileLogger - org.postgresql.util.PSQLException: ERROR: invalid input syntax for type integer: "null"
  Position: 68
13:36:11.351 [main] DEBUG fileLogger - Add bank account to Database
13:36:12.696 [main] ERROR fileLogger - org.postgresql.util.PSQLException: No results were returned by the query.
13:36:12.699 [main] DEBUG fileLogger - Add bank account to User Database
13:36:13.054 [main] ERROR fileLogger - org.postgresql.util.PSQLException: ERROR: invalid input syntax for type integer: "null"
  Position: 68
13:39:20.072 [main] DEBUG fileLogger - Add bank account to Database
13:39:21.442 [main] ERROR fileLogger - org.postgresql.util.PSQLException: No results were returned by the query.
13:39:21.444 [main] DEBUG fileLogger - Add bank account to User Database
13:39:21.823 [main] ERROR fileLogger - org.postgresql.util.PSQLException: ERROR: invalid input syntax for type integer: "null"
  Position: 68
13:43:19.101 [main] DEBUG fileLogger - Add User to Database
13:43:20.491 [main] ERROR fileLogger - org.postgresql.util.PSQLException: No results were returned by the query.
13:45:55.691 [main] DEBUG fileLogger - Add User to Database
13:45:57.073 [main] ERROR fileLogger - org.postgresql.util.PSQLException: No results were returned by the query.
13:45:57.077 [main] DEBUG fileLogger - Add bank account to Database
13:45:57.450 [main] ERROR fileLogger - org.postgresql.util.PSQLException: No results were returned by the query.
13:45:57.453 [main] DEBUG fileLogger - Add bank account to User Database
13:45:57.792 [main] ERROR fileLogger - org.postgresql.util.PSQLException: ERROR: invalid input syntax for type integer: "null"
  Position: 63
13:49:58.431 [main] DEBUG fileLogger - Add User to Database
13:49:59.805 [main] ERROR fileLogger - org.postgresql.util.PSQLException: No results were returned by the query.
13:49:59.809 [main] DEBUG fileLogger - Add bank account to Database
13:50:00.213 [main] ERROR fileLogger - org.postgresql.util.PSQLException: No results were returned by the query.
13:50:00.216 [main] DEBUG fileLogger - Add bank account to User Database
13:50:00.654 [main] ERROR fileLogger - org.postgresql.util.PSQLException: ERROR: invalid input syntax for type integer: "null"
  Position: 63
13:07:37.011 [main] DEBUG fileLogger - Add bank account to User Database
13:07:37.015 [main] DEBUG fileLogger - Get User from Database
13:07:38.549 [main] ERROR fileLogger - org.postgresql.util.PSQLException: ERROR: column "accountid" does not exist
  Hint: Perhaps you meant to reference the column "accounts.account_id".
  Position: 30
13:07:38.935 [main] ERROR fileLogger - org.postgresql.util.PSQLException: ERROR: invalid input syntax for type integer: "null"
  Position: 68
13:08:53.838 [main] DEBUG fileLogger - Add bank account to User Database
13:08:53.842 [main] DEBUG fileLogger - Get User from Database
13:08:55.240 [main] ERROR fileLogger - org.postgresql.util.PSQLException: ERROR: column "accountid" does not exist
  Hint: Perhaps you meant to reference the column "accounts.account_id".
  Position: 30
13:08:55.603 [main] ERROR fileLogger - org.postgresql.util.PSQLException: No results were returned by the query.
13:10:12.710 [main] DEBUG fileLogger - Add bank account to User Database
13:10:14.040 [main] ERROR fileLogger - org.postgresql.util.PSQLException: No results were returned by the query.
15:01:16.383 [main] DEBUG fileLogger - Add bank account to Database
15:02:07.869 [main] DEBUG fileLogger - Add bank account to Database
15:02:55.667 [main] DEBUG fileLogger - Add bank account to Database
15:08:44.935 [main] DEBUG fileLogger - Add bank account to Database
15:39:02.493 [main] DEBUG fileLogger - Adding to Account from Database
15:39:02.494 [main] DEBUG fileLogger - Get User from Database
19:05:11.201 [main] DEBUG fileLogger - Adding to Account from Database
19:05:11.202 [main] DEBUG fileLogger - Get User from Database
19:05:12.570 [main] ERROR fileLogger - org.postgresql.util.PSQLException: ERROR: column "accountid" does not exist
  Hint: Perhaps you meant to reference the column "accounts.account_id".
  Position: 30
19:06:11.886 [main] DEBUG fileLogger - Adding to Account from Database
19:06:11.886 [main] DEBUG fileLogger - Get User from Database
19:06:13.642 [main] ERROR fileLogger - org.postgresql.util.PSQLException: No results were returned by the query.
19:34:55.968 [main] DEBUG fileLogger - Adding to Account from Database
19:34:55.969 [main] DEBUG fileLogger - Get User from Database
19:34:57.765 [main] ERROR fileLogger - org.postgresql.util.PSQLException: No results were returned by the query.
19:38:44.140 [main] DEBUG fileLogger - Add bank account to Database
19:38:45.551 [main] ERROR fileLogger - org.postgresql.util.PSQLException: No results were returned by the query.
19:38:45.553 [main] DEBUG fileLogger - Add bank account to Database
19:38:45.924 [main] ERROR fileLogger - org.postgresql.util.PSQLException: No results were returned by the query.
19:44:20.031 [main] DEBUG fileLogger - Add User to Database
19:44:21.348 [main] ERROR fileLogger - org.postgresql.util.PSQLException: No results were returned by the query.
19:46:32.299 [main] DEBUG fileLogger - Get User from Database
19:58:01.932 [main] DEBUG fileLogger - Add bank account to Database
19:58:03.308 [main] ERROR fileLogger - org.postgresql.util.PSQLException: ERROR: syntax error at or near "SELECT"
  Position: 86
19:58:03.310 [main] DEBUG fileLogger - Add bank account to User Database
19:58:03.727 [main] ERROR fileLogger - org.postgresql.util.PSQLException: ERROR: invalid input syntax for type integer: "null"
  Position: 68
20:01:45.570 [main] DEBUG fileLogger - Add bank account to Database
20:01:46.948 [main] DEBUG fileLogger - Add bank account to User Database
20:01:47.332 [main] ERROR fileLogger - org.postgresql.util.PSQLException: ERROR: invalid input syntax for type integer: "null"
  Position: 68
20:09:07.905 [main] DEBUG fileLogger - Add bank account to Database
20:09:09.312 [main] DEBUG fileLogger - Add bank account to User Database
20:09:09.713 [main] ERROR fileLogger - org.postgresql.util.PSQLException: No results were returned by the query.
20:18:14.777 [main] DEBUG fileLogger - subtracting from Account from Database
20:18:14.778 [main] DEBUG fileLogger - Get User from Database
20:18:16.532 [main] ERROR fileLogger - org.postgresql.util.PSQLException: No results were returned by the query.
20:20:12.114 [main] DEBUG fileLogger - subtracting from Account from Database
20:20:12.114 [main] DEBUG fileLogger - Get User from Database
20:20:13.892 [main] ERROR fileLogger - org.postgresql.util.PSQLException: No results were returned by the query.
20:23:42.601 [main] DEBUG fileLogger - Adding to Account from Database
20:23:42.602 [main] DEBUG fileLogger - Get User from Database
20:23:44.016 [main] DEBUG fileLogger - subtracting from Account from Database
20:23:44.016 [main] DEBUG fileLogger - Get User from Database
20:23:44.758 [main] ERROR fileLogger - org.postgresql.util.PSQLException: No results were returned by the query.
20:23:45.123 [main] ERROR fileLogger - org.postgresql.util.PSQLException: No results were returned by the query.
20:40:10.587 [main] DEBUG fileLogger - Remove Account from Database
20:40:11.959 [main] ERROR fileLogger - org.postgresql.util.PSQLException: No results were returned by the query.
20:40:53.429 [main] DEBUG fileLogger - Update account from Database
20:40:54.836 [main] ERROR fileLogger - org.postgresql.util.PSQLException: No results were returned by the query.
22:21:39.564 [main] DEBUG fileLogger - Get User from Database
22:21:40.901 [main] ERROR fileLogger - org.postgresql.util.PSQLException: ERROR: syntax error at or near "returning"
  Position: 56
22:22:27.506 [main] DEBUG fileLogger - Get User from Database
22:22:28.868 [main] ERROR fileLogger - org.postgresql.util.PSQLException: ERROR: syntax error at or near "returning"
  Position: 56
22:22:42.632 [main] DEBUG fileLogger - Get User from Database
22:23:11.291 [main] DEBUG fileLogger - Get User from Database
22:29:35.671 [main] DEBUG fileLogger - Remove Account from Database
22:29:37.029 [main] ERROR fileLogger - org.postgresql.util.PSQLException: No results were returned by the query.
22:59:29.832 [main] DEBUG fileLogger - Add bank account to User Database
22:59:31.193 [main] ERROR fileLogger - org.postgresql.util.PSQLException: No results were returned by the query.
23:11:28.380 [main] DEBUG fileLogger - Update user employee rep from Database
23:11:29.743 [main] ERROR fileLogger - org.postgresql.util.PSQLException: No results were returned by the query.
23:12:09.766 [main] DEBUG fileLogger - Remove employee assignment from Database
23:12:11.130 [main] ERROR fileLogger - org.postgresql.util.PSQLException: No results were returned by the query.
23:14:53.422 [main] DEBUG fileLogger - Get User login from Database
23:23:02.465 [main] DEBUG fileLogger - Get User login from Database
23:26:23.171 [main] DEBUG fileLogger - Get User login from Database
23:30:51.959 [main] DEBUG fileLogger - Get User login from Database
23:31:51.495 [main] DEBUG fileLogger - Get User login from Database
23:45:55.623 [main] DEBUG fileLogger - Get User login from Database
23:48:44.557 [main] DEBUG fileLogger - Get User login from Database
23:51:10.856 [main] DEBUG fileLogger - Get User login from Database
23:54:17.148 [main] DEBUG fileLogger - Get User login from Database
23:57:07.428 [main] DEBUG fileLogger - Get User login from Database
23:58:34.206 [main] DEBUG fileLogger - Get User login from Database
00:06:46.630 [main] DEBUG fileLogger - Get User login from Database
00:07:46.647 [main] DEBUG fileLogger - Add User to Database
00:07:47.067 [main] ERROR fileLogger - org.postgresql.util.PSQLException: No results were returned by the query.
00:17:04.224 [main] DEBUG fileLogger - Get User login from Database
00:18:15.728 [main] DEBUG fileLogger - Get User login from Database
00:22:07.036 [main] DEBUG fileLogger - Get User login from Database
00:23:29.049 [main] DEBUG fileLogger - Get User login from Database
00:24:23.232 [main] DEBUG fileLogger - Get User login from Database
00:36:52.271 [main] DEBUG fileLogger - Get User login from Database
00:37:55.026 [main] DEBUG fileLogger - Get User login from Database
00:39:14.071 [main] DEBUG fileLogger - Get User login from Database
00:40:05.527 [main] DEBUG fileLogger - Get User login from Database
00:47:28.744 [main] DEBUG fileLogger - Get User login from Database
00:55:05.187 [main] DEBUG fileLogger - Get User login from Database
01:08:58.854 [main] DEBUG fileLogger - Get User login from Database
01:09:08.865 [main] DEBUG fileLogger - Get User from Database
01:09:09.215 [main] DEBUG fileLogger - Get User from Database
01:14:54.609 [main] DEBUG fileLogger - Get User login from Database
01:14:58.863 [main] DEBUG fileLogger - Get User from Database
01:14:59.224 [main] DEBUG fileLogger - Get User from Database
01:24:44.395 [main] DEBUG fileLogger - Get User login from Database
01:24:48.638 [main] DEBUG fileLogger - Get User from Database
01:24:49.000 [main] DEBUG fileLogger - Get User from Database
01:24:49.333 [main] DEBUG fileLogger - Get User from Database
01:24:49.660 [main] DEBUG fileLogger - Get User from Database
01:24:50.036 [main] DEBUG fileLogger - Get User from Database
01:24:50.406 [main] DEBUG fileLogger - Get User from Database
01:26:49.137 [main] DEBUG fileLogger - Get User login from Database
01:26:52.121 [main] DEBUG fileLogger - Get User from Database
01:27:29.529 [main] DEBUG fileLogger - Get User login from Database
01:27:32.059 [main] DEBUG fileLogger - Get User from Database
01:28:22.045 [main] DEBUG fileLogger - Get User login from Database
01:28:24.721 [main] DEBUG fileLogger - Get User from Database
01:31:15.704 [main] DEBUG fileLogger - Get User login from Database
01:31:19.211 [main] DEBUG fileLogger - Get User from Database
01:31:19.588 [main] DEBUG fileLogger - Get User from Database
01:31:19.928 [main] DEBUG fileLogger - Get User from Database
01:31:20.278 [main] DEBUG fileLogger - Get User from Database
01:31:20.634 [main] DEBUG fileLogger - Get User from Database
01:31:20.989 [main] DEBUG fileLogger - Get User from Database
01:31:56.024 [main] DEBUG fileLogger - Get User login from Database
01:31:59.727 [main] DEBUG fileLogger - Get User from Database
01:32:00.087 [main] DEBUG fileLogger - Get User from Database
01:51:50.842 [main] DEBUG fileLogger - Get User login from Database
01:51:56.120 [main] DEBUG fileLogger - Get User from Database
01:51:56.495 [main] DEBUG fileLogger - Get User from Database
01:53:11.348 [main] DEBUG fileLogger - Get User login from Database
01:53:14.693 [main] DEBUG fileLogger - Get User from Database
01:53:15.063 [main] DEBUG fileLogger - Get User from Database
01:54:26.208 [main] DEBUG fileLogger - Get User login from Database
01:54:30.004 [main] DEBUG fileLogger - Get User from Database
01:54:30.357 [main] DEBUG fileLogger - Get User from Database
02:14:30.388 [main] DEBUG fileLogger - Get User login from Database
02:14:33.947 [main] DEBUG fileLogger - Get User from Database
02:14:34.314 [main] DEBUG fileLogger - Get User from Database
02:14:47.470 [main] DEBUG fileLogger - subtracting from Account from Database
02:14:47.470 [main] DEBUG fileLogger - Get User from Database
02:14:48.194 [main] ERROR fileLogger - org.postgresql.util.PSQLException: No results were returned by the query.
02:15:59.246 [main] DEBUG fileLogger - Get User login from Database
02:16:02.463 [main] DEBUG fileLogger - Get User from Database
02:16:02.824 [main] DEBUG fileLogger - Get User from Database
02:16:16.459 [main] DEBUG fileLogger - Get User from Database
02:16:16.787 [main] DEBUG fileLogger - Get User from Database
02:37:03.452 [main] DEBUG fileLogger - Get User login from Database
02:37:09.156 [main] DEBUG fileLogger - Get User from Database
02:37:09.514 [main] DEBUG fileLogger - Get User from Database
02:37:13.317 [main] DEBUG fileLogger - Get User login from Database
02:40:45.486 [main] DEBUG fileLogger - Get User login from Database
02:40:49.708 [main] DEBUG fileLogger - Get User from Database
02:40:50.076 [main] DEBUG fileLogger - Get User from Database
02:40:55.960 [main] DEBUG fileLogger - Get User login from Database
02:43:53.843 [main] DEBUG fileLogger - Get User login from Database
02:43:58.668 [main] DEBUG fileLogger - Get User from Database
02:43:59.055 [main] DEBUG fileLogger - Get User from Database
02:44:07.773 [main] DEBUG fileLogger - Get User login from Database
02:47:18.704 [main] DEBUG fileLogger - Get User login from Database
02:50:43.475 [main] DEBUG fileLogger - Get User login from Database
02:55:05.141 [main] DEBUG fileLogger - Get User login from Database
02:55:44.776 [main] DEBUG fileLogger - Get User login from Database
02:56:02.625 [main] DEBUG fileLogger - Get User login from Database
02:57:34.607 [main] DEBUG fileLogger - Get User login from Database
02:59:49.031 [main] DEBUG fileLogger - Get User login from Database
02:59:53.319 [main] DEBUG fileLogger - Get User from Database
02:59:53.679 [main] DEBUG fileLogger - Get User from Database
02:59:59.998 [main] DEBUG fileLogger - Get User login from Database
03:00:20.878 [main] DEBUG fileLogger - Get User from Database
03:04:46.261 [main] DEBUG fileLogger - Get User login from Database
03:04:51.561 [main] DEBUG fileLogger - Get User from Database
03:04:51.925 [main] DEBUG fileLogger - Get User from Database
03:04:57.725 [main] DEBUG fileLogger - Get User login from Database
03:05:08.412 [main] DEBUG fileLogger - Get User from Database
03:05:08.761 [main] DEBUG fileLogger - Get User login from Database
14:12:07.937 [main] DEBUG fileLogger - Get User from Database
14:12:47.294 [main] DEBUG fileLogger - Get User login from Database
14:13:58.417 [main] DEBUG fileLogger - Get User login from Database
14:14:03.541 [main] DEBUG fileLogger - Get User from Database
14:14:03.918 [main] DEBUG fileLogger - Get User from Database
14:14:08.926 [main] DEBUG fileLogger - Get User login from Database
14:14:30.280 [main] DEBUG fileLogger - Get User from Database
14:14:32.956 [main] DEBUG fileLogger - Get User login from Database
14:15:07.742 [main] DEBUG fileLogger - Get User from Database
14:15:33.595 [main] DEBUG fileLogger - Get User from Database
14:15:33.937 [main] DEBUG fileLogger - Get User from Database
14:15:34.298 [main] DEBUG fileLogger - Get User login from Database
14:22:54.776 [main] DEBUG fileLogger - Get User login from Database
14:24:23.111 [main] DEBUG fileLogger - Get User login from Database
14:29:00.430 [main] DEBUG fileLogger - Get User login from Database
14:30:19.744 [main] DEBUG fileLogger - Get User login from Database
14:31:06.568 [main] DEBUG fileLogger - Get User login from Database
14:33:24.700 [main] DEBUG fileLogger - Get User login from Database
14:37:00.882 [main] DEBUG fileLogger - Get User login from Database
14:51:59.256 [main] DEBUG fileLogger - Get User login from Database
14:54:37.885 [main] DEBUG fileLogger - Get User login from Database
14:56:29.216 [main] DEBUG fileLogger - Get User login from Database
14:57:49.927 [main] DEBUG fileLogger - Get User login from Database
15:14:17.505 [main] DEBUG fileLogger - Get User login from Database
16:03:56.197 [main] DEBUG fileLogger - Get User login from Database
16:07:23.565 [main] DEBUG fileLogger - Get User login from Database
16:08:07.983 [main] DEBUG fileLogger - Get User login from Database
16:08:39.007 [main] DEBUG fileLogger - Get User login from Database
16:18:31.983 [main] DEBUG fileLogger - Get User login from Database
16:20:51.889 [main] DEBUG fileLogger - Get User login from Database
16:24:09.128 [main] DEBUG fileLogger - Get User login from Database
17:03:56.544 [main] DEBUG fileLogger - Get User login from Database
17:05:07.420 [main] DEBUG fileLogger - Get User login from Database
17:06:14.560 [main] DEBUG fileLogger - Get User login from Database
17:11:57.536 [main] DEBUG fileLogger - Get User login from Database
17:14:25.292 [main] DEBUG fileLogger - Get User login from Database
17:14:41.187 [main] DEBUG fileLogger - Get User login from Database
17:16:25.805 [main] DEBUG fileLogger - Get User login from Database
17:20:18.911 [main] DEBUG fileLogger - Get User login from Database
21:18:58.657 [main] DEBUG fileLogger - Get User login from Database
21:19:54.041 [main] DEBUG fileLogger - Add User to Database
21:19:54.478 [main] ERROR fileLogger - org.postgresql.util.PSQLException: No results were returned by the query.
21:19:54.478 [main] DEBUG fileLogger - Get User from Database
21:19:54.828 [main] DEBUG fileLogger - Get UserLogin from Database
21:19:55.182 [main] ERROR fileLogger - org.postgresql.util.PSQLException: No results were returned by the query.
23:39:30.593 [main] ERROR fileLogger - org.postgresql.util.PSQLException: ERROR: syntax error at or near "'first_name'"
  Position: 18
23:42:10.597 [main] DEBUG fileLogger - Get User from Database
23:42:10.978 [main] ERROR fileLogger - org.postgresql.util.PSQLException: ERROR: syntax error at or near "'first_name'"
  Position: 18
23:43:50.632 [main] DEBUG fileLogger - Get User from Database
23:43:50.996 [main] ERROR fileLogger - org.postgresql.util.PSQLException: ERROR: syntax error at or near "'first_name'"
  Position: 18
23:45:41.403 [main] DEBUG fileLogger - Get User from Database
23:45:41.784 [main] ERROR fileLogger - org.postgresql.util.PSQLException: ERROR: syntax error at or near "'"first_name"'"
  Position: 18
23:47:10.118 [main] DEBUG fileLogger - Get User from Database
23:47:10.477 [main] ERROR fileLogger - org.postgresql.util.PSQLException: No results were returned by the query.
23:52:48.762 [main] DEBUG fileLogger - Get User from Database
23:52:49.142 [main] ERROR fileLogger - org.postgresql.util.PSQLException: No results were returned by the query.
00:00:43.704 [main] DEBUG fileLogger - Get User from Database
00:00:44.180 [main] ERROR fileLogger - org.postgresql.util.PSQLException: No results were returned by the query.
00:02:06.482 [main] DEBUG fileLogger - Get User from Database
00:02:06.875 [main] ERROR fileLogger - org.postgresql.util.PSQLException: No results were returned by the query.
00:10:58.267 [main] DEBUG fileLogger - Get User from Database
00:38:29.426 [main] DEBUG fileLogger - Add bank account to Database
00:38:29.818 [main] DEBUG fileLogger - Add bank account to User Database
00:38:30.167 [main] ERROR fileLogger - org.postgresql.util.PSQLException: No results were returned by the query.
13:25:11.693 [main] DEBUG fileLogger - Get User login from Database
13:25:13.058 [main] DEBUG fileLogger - Add bank account to User Database
13:25:13.451 [main] ERROR fileLogger - org.postgresql.util.PSQLException: ERROR: insert or update on table "employee_assignments" violates foreign key constraint "user_login_id"
  Detail: Key (user_login_id)=(-1) is not present in table "user_login".
13:27:22.627 [main] DEBUG fileLogger - Get User login from Database
13:27:24.017 [main] DEBUG fileLogger - Add bank account to User Database
13:27:24.400 [main] ERROR fileLogger - org.postgresql.util.PSQLException: No results were returned by the query.
14:06:38.696 [main] DEBUG fileLogger - Get Users by employee from Database
14:08:26.024 [main] DEBUG fileLogger - Get Users by employee from Database
14:09:53.238 [main] DEBUG fileLogger - Get Users by employee from Database
14:10:07.690 [main] DEBUG fileLogger - Get User from Database
14:10:08.043 [main] DEBUG fileLogger - Get User from Database
14:10:08.374 [main] DEBUG fileLogger - Get User from Database
14:10:22.677 [main] DEBUG fileLogger - Get User login from Database
14:10:37.722 [main] DEBUG fileLogger - Get User from Database
14:10:40.646 [main] DEBUG fileLogger - Get User from Database
14:10:40.994 [main] DEBUG fileLogger - Get User from Database
14:10:41.337 [main] DEBUG fileLogger - Get User login from Database
14:13:16.855 [main] DEBUG fileLogger - Get Users by employee from Database
14:18:57.387 [main] DEBUG fileLogger - Get Users by employee from Database
14:26:26.213 [main] DEBUG fileLogger - Get Users by employee from Database
14:26:33.569 [main] DEBUG fileLogger - Get User from Database
14:26:33.917 [main] DEBUG fileLogger - Get User from Database
14:26:34.265 [main] DEBUG fileLogger - Get User from Database
14:26:39.752 [main] DEBUG fileLogger - Get Users by employee from Database
14:26:40.434 [main] DEBUG fileLogger - Get User from Database
14:26:40.763 [main] DEBUG fileLogger - Get User from Database
14:33:33.228 [main] DEBUG fileLogger - Get Users by employee from Database
14:33:42.132 [main] DEBUG fileLogger - Get User from Database
14:33:42.477 [main] DEBUG fileLogger - Get User from Database
14:33:42.825 [main] DEBUG fileLogger - Get User from Database
14:34:18.875 [main] DEBUG fileLogger - Get Users by employee from Database
14:34:19.619 [main] DEBUG fileLogger - Get User from Database
14:34:19.968 [main] DEBUG fileLogger - Get User from Database
14:34:33.859 [main] DEBUG fileLogger - Update account from Database
14:34:34.208 [main] ERROR fileLogger - org.postgresql.util.PSQLException: No results were returned by the query.
16:41:10.358 [main] DEBUG fileLogger - Get Users by employee from Database
18:36:39.102 [main] DEBUG fileLogger - Get Users by employee from Database
18:37:33.688 [main] DEBUG fileLogger - Get Users by employee from Database
18:37:45.344 [main] DEBUG fileLogger - Get Users by employee from Database
18:37:52.933 [main] DEBUG fileLogger - Get User from Database
18:37:53.284 [main] DEBUG fileLogger - Get User from Database
18:37:53.629 [main] DEBUG fileLogger - Get User from Database
18:38:13.855 [main] DEBUG fileLogger - Get Users by employee from Database
18:38:14.568 [main] DEBUG fileLogger - Get User from Database
18:38:14.908 [main] DEBUG fileLogger - Get User from Database
18:38:25.035 [main] DEBUG fileLogger - Get Users by employee from Database
18:38:31.493 [main] DEBUG fileLogger - Get User from Database
18:38:31.830 [main] DEBUG fileLogger - Get User from Database
18:38:32.166 [main] DEBUG fileLogger - Get User from Database
18:38:36.173 [main] DEBUG fileLogger - Get Users by employee from Database
18:38:36.850 [main] DEBUG fileLogger - Get User from Database
18:38:37.182 [main] DEBUG fileLogger - Get User from Database
18:40:41.113 [main] DEBUG fileLogger - Get Users by employee from Database
18:40:46.481 [main] DEBUG fileLogger - Get User from Database
18:40:46.819 [main] DEBUG fileLogger - Get User from Database
18:40:47.179 [main] DEBUG fileLogger - Get User from Database
18:40:57.001 [main] DEBUG fileLogger - Get Users by employee from Database
18:40:57.716 [main] DEBUG fileLogger - Get User from Database
18:40:58.069 [main] DEBUG fileLogger - Get User from Database
18:43:41.080 [main] DEBUG fileLogger - Get Users by employee from Database
18:43:45.538 [main] DEBUG fileLogger - Get User from Database
18:43:45.883 [main] DEBUG fileLogger - Get User from Database
18:43:46.228 [main] DEBUG fileLogger - Get User from Database
18:44:00.222 [main] DEBUG fileLogger - Get Users by employee from Database
18:44:00.924 [main] DEBUG fileLogger - Get User from Database
18:44:01.387 [main] DEBUG fileLogger - Get User from Database
19:20:41.058 [main] DEBUG fileLogger - Get Users by employee from Database
19:20:46.282 [main] DEBUG fileLogger - Get User from Database
19:20:46.629 [main] DEBUG fileLogger - Get User from Database
19:20:46.986 [main] DEBUG fileLogger - Get User from Database
19:20:53.215 [main] DEBUG fileLogger - Get Users by employee from Database
19:20:53.565 [main] DEBUG fileLogger - Get User from Database
19:26:48.724 [main] DEBUG fileLogger - Get Users by employee from Database
19:26:53.834 [main] DEBUG fileLogger - Get User from Database
19:26:54.188 [main] DEBUG fileLogger - Get User from Database
19:26:54.550 [main] DEBUG fileLogger - Get User from Database
19:26:59.523 [main] DEBUG fileLogger - Get Users by employee from Database
19:28:52.651 [main] DEBUG fileLogger - Get Users by employee from Database
19:29:02.151 [main] DEBUG fileLogger - Get User from Database
19:29:02.493 [main] DEBUG fileLogger - Get User from Database
19:29:02.836 [main] DEBUG fileLogger - Get User from Database
19:29:14.971 [main] DEBUG fileLogger - Get Users by employee from Database
19:32:03.401 [main] DEBUG fileLogger - Get Users by employee from Database
19:32:07.175 [main] DEBUG fileLogger - Get User from Database
19:32:07.522 [main] DEBUG fileLogger - Get User from Database
19:32:07.875 [main] DEBUG fileLogger - Get User from Database
19:32:13.068 [main] DEBUG fileLogger - Get Users by employee from Database
19:32:13.427 [main] DEBUG fileLogger - Get User from Database
19:32:13.770 [main] DEBUG fileLogger - Get User from Database
19:34:58.045 [main] DEBUG fileLogger - Get Users by employee from Database
19:35:01.781 [main] DEBUG fileLogger - Get User from Database
19:35:02.134 [main] DEBUG fileLogger - Get User from Database
19:35:02.475 [main] DEBUG fileLogger - Get User from Database
19:35:05.152 [main] DEBUG fileLogger - Get Users by employee from Database
19:35:05.519 [main] DEBUG fileLogger - Get User from Database
19:35:05.887 [main] DEBUG fileLogger - Get User from Database
19:35:06.229 [main] DEBUG fileLogger - Get User from Database
19:36:54.484 [main] DEBUG fileLogger - Get Users by employee from Database
19:36:58.671 [main] DEBUG fileLogger - Get User from Database
19:36:59.027 [main] DEBUG fileLogger - Get User from Database
19:36:59.400 [main] DEBUG fileLogger - Get User from Database
19:37:03.279 [main] DEBUG fileLogger - Get Users by employee from Database
19:37:03.638 [main] DEBUG fileLogger - Get User from Database
19:37:03.995 [main] DEBUG fileLogger - Get User from Database
19:37:04.347 [main] DEBUG fileLogger - Get User from Database
19:38:00.604 [main] DEBUG fileLogger - Get Users by employee from Database
19:38:05.004 [main] DEBUG fileLogger - Get User from Database
19:38:05.350 [main] DEBUG fileLogger - Get User from Database
19:38:05.687 [main] DEBUG fileLogger - Get User from Database
19:38:12.782 [main] DEBUG fileLogger - Get Users by employee from Database
19:38:13.134 [main] DEBUG fileLogger - Get User from Database
19:38:13.479 [main] DEBUG fileLogger - Get User from Database
19:38:13.828 [main] DEBUG fileLogger - Get User from Database
19:38:36.132 [main] DEBUG fileLogger - Update account from Database
19:38:36.522 [main] ERROR fileLogger - org.postgresql.util.PSQLException: No results were returned by the query.
19:41:40.968 [main] DEBUG fileLogger - Get Users by employee from Database
19:41:54.354 [main] DEBUG fileLogger - Get User from Database
19:43:50.963 [main] DEBUG fileLogger - Get Users by employee from Database
19:49:09.970 [main] DEBUG fileLogger - Get Users by employee from Database
19:49:19.741 [main] DEBUG fileLogger - Get User from Database
19:49:20.094 [main] DEBUG fileLogger - Get User from Database
19:50:55.658 [main] DEBUG fileLogger - Get Users by employee from Database
19:50:58.654 [main] DEBUG fileLogger - Get User from Database
19:51:11.861 [main] DEBUG fileLogger - Get Users by employee from Database
19:51:18.610 [main] DEBUG fileLogger - Get User from Database
19:51:18.963 [main] DEBUG fileLogger - Get User from Database
19:51:19.318 [main] DEBUG fileLogger - Get User from Database
19:51:19.690 [main] DEBUG fileLogger - Get User from Database
19:58:33.208 [main] DEBUG fileLogger - Get Users by employee from Database
19:58:36.581 [main] DEBUG fileLogger - Get User from Database
19:58:36.933 [main] DEBUG fileLogger - Get User from Database
19:58:37.271 [main] DEBUG fileLogger - Get User from Database
19:58:37.628 [main] DEBUG fileLogger - Get User from Database
19:58:54.606 [main] DEBUG fileLogger - Get Users by employee from Database
20:00:34.169 [main] DEBUG fileLogger - Get User from Database
20:18:07.018 [main] DEBUG fileLogger - Get Users by employee from Database
20:18:11.678 [main] DEBUG fileLogger - Get User from Database
20:18:12.032 [main] DEBUG fileLogger - Get User from Database
20:18:12.380 [main] DEBUG fileLogger - Get User from Database
20:18:12.752 [main] DEBUG fileLogger - Get User from Database
20:18:34.943 [main] DEBUG fileLogger - Get Users by employee from Database
20:46:26.864 [main] DEBUG fileLogger - Add User login to Database
20:46:28.233 [main] ERROR fileLogger - org.postgresql.util.PSQLException: No results were returned by the query.
20:46:42.499 [main] DEBUG fileLogger - Get User login from Database
20:54:12.582 [main] DEBUG fileLogger - Add User login to Database
20:54:13.994 [main] ERROR fileLogger - org.postgresql.util.PSQLException: No results were returned by the query.
20:54:30.308 [main] DEBUG fileLogger - Get User login from Database
21:27:00.280 [main] DEBUG fileLogger - Get User login from Database
21:28:38.853 [main] DEBUG fileLogger - Get User login from Database
21:30:11.712 [main] DEBUG fileLogger - Get User login from Database
21:42:46.355 [main] DEBUG fileLogger - Get User login from Database
21:46:05.150 [main] DEBUG fileLogger - Get User login from Database
21:51:26.165 [main] DEBUG fileLogger - Get User login from Database
21:52:51.900 [main] DEBUG fileLogger - Add User to Database
21:52:52.323 [main] ERROR fileLogger - org.postgresql.util.PSQLException: No results were returned by the query.
21:52:52.323 [main] DEBUG fileLogger - Get User from Database
21:52:52.667 [main] DEBUG fileLogger - Get UserLogin from Database
21:52:53.012 [main] ERROR fileLogger - org.postgresql.util.PSQLException: No results were returned by the query.
21:53:21.377 [main] DEBUG fileLogger - Add bank account to Database
21:53:21.761 [main] DEBUG fileLogger - Add bank account to User Database
21:53:22.139 [main] ERROR fileLogger - org.postgresql.util.PSQLException: No results were returned by the query.
21:53:22.141 [main] DEBUG fileLogger - Get User login from Database
21:53:22.532 [main] DEBUG fileLogger - Add bank account to User Database
21:53:22.911 [main] ERROR fileLogger - org.postgresql.util.PSQLException: ERROR: insert or update on table "employee_assignments" violates foreign key constraint "user_login_id"
  Detail: Key (user_login_id)=(-1) is not present in table "user_login".
21:56:26.936 [main] DEBUG fileLogger - Get User login from Database
21:57:05.054 [main] DEBUG fileLogger - Get User login from Database
21:58:18.445 [main] DEBUG fileLogger - Get User login from Database
21:59:08.761 [main] DEBUG fileLogger - Get User login from Database
22:00:38.753 [main] DEBUG fileLogger - Get User login from Database
22:01:00.680 [main] DEBUG fileLogger - Add bank account to Database
22:01:01.042 [main] DEBUG fileLogger - Add bank account to User Database
22:01:01.629 [main] ERROR fileLogger - org.postgresql.util.PSQLException: No results were returned by the query.
22:01:01.631 [main] DEBUG fileLogger - Get User login from Database
22:01:01.990 [main] DEBUG fileLogger - Add bank account to User Database
22:01:02.342 [main] ERROR fileLogger - org.postgresql.util.PSQLException: ERROR: insert or update on table "employee_assignments" violates foreign key constraint "user_login_id"
  Detail: Key (user_login_id)=(-1) is not present in table "user_login".
22:04:02.644 [main] DEBUG fileLogger - Get User login from Database
22:04:03.375 [main] DEBUG fileLogger - Add bank account to User Database
22:04:03.711 [main] ERROR fileLogger - org.postgresql.util.PSQLException: ERROR: insert or update on table "employee_assignments" violates foreign key constraint "user_login_id"
  Detail: Key (user_login_id)=(-1) is not present in table "user_login".
22:04:36.081 [main] DEBUG fileLogger - Get User login from Database
22:04:36.803 [main] DEBUG fileLogger - Add bank account to User Database
22:04:37.160 [main] ERROR fileLogger - org.postgresql.util.PSQLException: ERROR: insert or update on table "employee_assignments" violates foreign key constraint "user_login_id"
  Detail: Key (user_login_id)=(-1) is not present in table "user_login".
22:05:19.059 [main] DEBUG fileLogger - Get User login from Database
22:05:19.822 [main] DEBUG fileLogger - Add bank account to User Database
22:05:20.178 [main] ERROR fileLogger - org.postgresql.util.PSQLException: ERROR: insert or update on table "employee_assignments" violates foreign key constraint "user_login_id"
  Detail: Key (user_login_id)=(-1) is not present in table "user_login".
22:05:32.688 [main] DEBUG fileLogger - Get User login from Database
22:05:33.392 [main] DEBUG fileLogger - Add bank account to User Database
22:05:33.736 [main] ERROR fileLogger - org.postgresql.util.PSQLException: ERROR: insert or update on table "employee_assignments" violates foreign key constraint "user_login_id"
  Detail: Key (user_login_id)=(-1) is not present in table "user_login".
22:05:48.230 [main] DEBUG fileLogger - Get User login from Database
22:05:48.949 [main] DEBUG fileLogger - Add bank account to User Database
22:05:49.299 [main] ERROR fileLogger - org.postgresql.util.PSQLException: ERROR: insert or update on table "employee_assignments" violates foreign key constraint "user_login_id"
  Detail: Key (user_login_id)=(-1) is not present in table "user_login".
22:06:15.788 [main] DEBUG fileLogger - Get User login from Database
22:06:16.521 [main] DEBUG fileLogger - Add bank account to User Database
22:06:16.869 [main] ERROR fileLogger - org.postgresql.util.PSQLException: ERROR: insert or update on table "employee_assignments" violates foreign key constraint "user_login_id"
  Detail: Key (user_login_id)=(-1) is not present in table "user_login".
22:08:15.387 [main] DEBUG fileLogger - Get User login from Database
22:08:16.116 [main] DEBUG fileLogger - Add bank account to User Database
22:08:16.444 [main] ERROR fileLogger - org.postgresql.util.PSQLException: ERROR: insert or update on table "employee_assignments" violates foreign key constraint "user_login_id"
  Detail: Key (user_login_id)=(-1) is not present in table "user_login".
22:11:22.148 [main] DEBUG fileLogger - Get User login from Database
22:11:22.895 [main] DEBUG fileLogger - Add bank account to User Database
22:11:23.229 [main] ERROR fileLogger - org.postgresql.util.PSQLException: ERROR: insert or update on table "employee_assignments" violates foreign key constraint "user_login_id"
  Detail: Key (user_login_id)=(-1) is not present in table "user_login".
22:14:02.568 [main] DEBUG fileLogger - Get User login from Database
22:14:03.366 [main] DEBUG fileLogger - Add bank account to User Database
22:14:03.722 [main] ERROR fileLogger - org.postgresql.util.PSQLException: ERROR: insert or update on table "employee_assignments" violates foreign key constraint "user_login_id"
  Detail: Key (user_login_id)=(-1) is not present in table "user_login".
22:15:21.913 [main] DEBUG fileLogger - Get User login from Database
22:15:22.638 [main] DEBUG fileLogger - Add bank account to User Database
22:15:22.976 [main] ERROR fileLogger - org.postgresql.util.PSQLException: ERROR: insert or update on table "employee_assignments" violates foreign key constraint "user_login_id"
  Detail: Key (user_login_id)=(-1) is not present in table "user_login".
22:17:16.484 [main] DEBUG fileLogger - Get User login from Database
22:17:17.217 [main] DEBUG fileLogger - Add bank account to User Database
22:17:17.558 [main] ERROR fileLogger - org.postgresql.util.PSQLException: ERROR: insert or update on table "employee_assignments" violates foreign key constraint "user_login_id"
  Detail: Key (user_login_id)=(-1) is not present in table "user_login".
22:17:42.887 [main] DEBUG fileLogger - Get User login from Database
22:18:22.345 [main] DEBUG fileLogger - Get User login from Database
22:20:52.028 [main] DEBUG fileLogger - Get User login from Database
22:20:57.166 [main] DEBUG fileLogger - Get User login from Database
22:27:17.991 [main] DEBUG fileLogger - Get User login from Database
22:27:21.369 [main] DEBUG fileLogger - Get User login from Database
22:27:28.372 [main] DEBUG fileLogger - Get User login from Database
22:27:42.971 [main] DEBUG fileLogger - Get User login from Database
22:28:30.732 [main] DEBUG fileLogger - Get User login from Database
22:28:33.852 [main] DEBUG fileLogger - Get User login from Database
22:28:52.973 [main] DEBUG fileLogger - Get User login from Database
22:28:56.219 [main] DEBUG fileLogger - Get User login from Database
22:28:59.260 [main] DEBUG fileLogger - Get User login from Database
22:29:59.915 [main] DEBUG fileLogger - Get User login from Database
22:30:00.652 [main] DEBUG fileLogger - Add bank account to User Database
22:30:01.000 [main] ERROR fileLogger - org.postgresql.util.PSQLException: ERROR: insert or update on table "employee_assignments" violates foreign key constraint "user_login_id"
  Detail: Key (user_login_id)=(-1) is not present in table "user_login".
22:30:52.789 [main] DEBUG fileLogger - Get User login from Database
22:31:05.973 [main] DEBUG fileLogger - Get User login from Database
22:31:06.712 [main] DEBUG fileLogger - Add bank account to User Database
22:31:07.051 [main] ERROR fileLogger - org.postgresql.util.PSQLException: ERROR: insert or update on table "employee_assignments" violates foreign key constraint "user_login_id"
  Detail: Key (user_login_id)=(-1) is not present in table "user_login".
22:32:08.709 [main] DEBUG fileLogger - Get User login from Database
22:32:30.579 [main] DEBUG fileLogger - Get User login from Database
22:32:35.862 [main] DEBUG fileLogger - Get User login from Database
22:34:13.957 [main] DEBUG fileLogger - Get User login from Database
22:34:22.076 [main] DEBUG fileLogger - Get User from Database
22:34:22.382 [main] DEBUG fileLogger - Get User from Database
22:34:22.704 [main] DEBUG fileLogger - Get User from Database
22:34:44.011 [main] DEBUG fileLogger - Get User from Database
22:34:52.696 [main] DEBUG fileLogger - Get User from Database
22:34:53.080 [main] DEBUG fileLogger - Get User from Database
22:35:09.685 [main] DEBUG fileLogger - Get User from Database
22:35:26.493 [main] DEBUG fileLogger - Get User from Database
22:35:31.713 [main] DEBUG fileLogger - subtracting from Account from Database
22:35:31.713 [main] DEBUG fileLogger - Get User from Database
22:35:32.374 [main] ERROR fileLogger - org.postgresql.util.PSQLException: No results were returned by the query.
22:37:08.560 [main] DEBUG fileLogger - Get User login from Database
22:38:00.777 [main] DEBUG fileLogger - Get User login from Database
22:38:17.722 [main] DEBUG fileLogger - Add bank account to Database
22:38:18.043 [main] DEBUG fileLogger - Add bank account to User Database
22:38:18.377 [main] ERROR fileLogger - org.postgresql.util.PSQLException: No results were returned by the query.
22:38:18.378 [main] DEBUG fileLogger - Get User login from Database
22:40:38.331 [main] DEBUG fileLogger - Get User login from Database
22:40:48.430 [main] DEBUG fileLogger - Add bank account to Database
22:40:48.752 [main] DEBUG fileLogger - Add bank account to User Database
22:40:49.081 [main] ERROR fileLogger - org.postgresql.util.PSQLException: No results were returned by the query.
22:40:49.081 [main] DEBUG fileLogger - Get User login from Database
22:40:49.414 [main] DEBUG fileLogger - Add bank account to User Database
22:40:49.741 [main] ERROR fileLogger - org.postgresql.util.PSQLException: No results were returned by the query.
22:42:00.475 [main] DEBUG fileLogger - Get User login from Database
